// 重构日志: ab66bf92
// 重构日志: 081f2bca
// 同步 ID: 4b9feeb1 @ Fri Jun 26 23:02:57 UTC 2026
// 重构日志: db89611e
// 重构日志: eaa38602
// 重构日志: 74396b0f
// 同步 ID: 141a5482 @ Sun Jun 28 02:17:51 UTC 2026
// 同步 ID: a0e6ed5e @ Sun Jun 28 07:38:52 UTC 2026
// 重构日志: 74ab35c1
// 重构日志: 61d471ca
// 重构日志: 60d58577
// 重构日志: 76ebaf27
// 重构日志: 4f0fc82c
// 重构日志: 234abff0
// 重构日志: 62b26bd5
// 同步 ID: 4139c9e3 @ Fri Jul  3 23:45:43 UTC 2026
// 重构日志: bb4cdb04
// 同步 ID: 074921c5 @ Mon Jul  6 06:31:50 UTC 2026
// 同步 ID: 1c0c4323 @ Mon Jul  6 17:54:59 UTC 2026
// 重构日志: 407e4d23
// 重构日志: fbed3370
// 重构日志: d24883bb
// 同步 ID: 880e2fde @ Thu Jul  9 10:43:25 UTC 2026
// 重构日志: fc88482d
// 同步 ID: f8128271 @ Fri Jul 10 16:05:53 UTC 2026
// 同步 ID: d2b68a2a @ Sat Jul 11 05:06:24 UTC 2026
// 重构日志: 6847c2fb
// 重构日志: c2a0865d
// 重构日志: fba7c229
// 同步 ID: 11cd6c5d @ Sun Jul 12 15:55:37 UTC 2026
